  DeathScreen.cpp
C:\Code\C++\RoguelikeLayout\RoguelikeLayout\DeathScreen.cpp(7,35): warning C4244: 'argument': conversion from 'float' to 'unsigned int', possible loss of data
C:\Code\C++\RoguelikeLayout\RoguelikeLayout\DeathScreen.cpp(14,37): warning C4244: 'argument': conversion from 'float' to 'unsigned int', possible loss of data
C:\Code\C++\RoguelikeLayout\RoguelikeLayout\DeathScreen.cpp(20,39): warning C4244: 'argument': conversion from 'float' to 'unsigned int', possible loss of data
C:\Code\C++\RoguelikeLayout\RoguelikeLayout\DeathScreen.cpp(26,43): warning C4244: 'argument': conversion from 'float' to 'unsigned int', possible loss of data
  DebugSystem.cpp
  Enemies.cpp
C:\Code\C++\RoguelikeLayout\RoguelikeLayout\Enemies.cpp(136,16): warning C4244: 'initializing': conversion from 'int' to 'float', possible loss of data
C:\Code\C++\RoguelikeLayout\RoguelikeLayout\Enemies.cpp(160,16): warning C4244: 'initializing': conversion from 'int' to 'float', possible loss of data
C:\Code\C++\RoguelikeLayout\RoguelikeLayout\Enemies.cpp(179,63): warning C4244: 'argument': conversion from 'int' to 'float', possible loss of data
C:\Code\C++\RoguelikeLayout\RoguelikeLayout\Enemies.cpp(179,43): warning C4244: 'argument': conversion from 'int' to 'float', possible loss of data
C:\Code\C++\RoguelikeLayout\RoguelikeLayout\Enemies.cpp(216,19): warning C4244: 'initializing': conversion from 'double' to 'int', possible loss of data
C:\Code\C++\RoguelikeLayout\RoguelikeLayout\Enemies.cpp(217,17): warning C4244: 'initializing': conversion from 'double' to 'float', possible loss of data
C:\Code\C++\RoguelikeLayout\RoguelikeLayout\Enemies.cpp(221,14): warning C4244: 'initializing': conversion from 'float' to 'int', possible loss of data
C:\Code\C++\RoguelikeLayout\RoguelikeLayout\Enemies.cpp(255,36): warning C4244: 'argument': conversion from 'int' to 'float', possible loss of data
C:\Code\C++\RoguelikeLayout\RoguelikeLayout\Enemies.cpp(255,22): warning C4244: 'argument': conversion from 'int' to 'float', possible loss of data
C:\Code\C++\RoguelikeLayout\RoguelikeLayout\Enemies.cpp(265,36): warning C4244: 'argument': conversion from 'int' to 'float', possible loss of data
C:\Code\C++\RoguelikeLayout\RoguelikeLayout\Enemies.cpp(265,22): warning C4244: 'argument': conversion from 'int' to 'float', possible loss of data
C:\Code\C++\RoguelikeLayout\RoguelikeLayout\Enemies.cpp(495,73): warning C4244: 'argument': conversion from 'int' to 'T', possible loss of data
C:\Code\C++\RoguelikeLayout\RoguelikeLayout\Enemies.cpp(495,73): warning C4244:         with
C:\Code\C++\RoguelikeLayout\RoguelikeLayout\Enemies.cpp(495,73): warning C4244:         [
C:\Code\C++\RoguelikeLayout\RoguelikeLayout\Enemies.cpp(495,73): warning C4244:             T=float
C:\Code\C++\RoguelikeLayout\RoguelikeLayout\Enemies.cpp(495,73): warning C4244:         ]
C:\Code\C++\RoguelikeLayout\RoguelikeLayout\Enemies.cpp(495,54): warning C4244: 'argument': conversion from 'int' to 'T', possible loss of data
C:\Code\C++\RoguelikeLayout\RoguelikeLayout\Enemies.cpp(495,54): warning C4244:         with
C:\Code\C++\RoguelikeLayout\RoguelikeLayout\Enemies.cpp(495,54): warning C4244:         [
C:\Code\C++\RoguelikeLayout\RoguelikeLayout\Enemies.cpp(495,54): warning C4244:             T=float
C:\Code\C++\RoguelikeLayout\RoguelikeLayout\Enemies.cpp(495,54): warning C4244:         ]
C:\Code\C++\RoguelikeLayout\RoguelikeLayout\Enemies.cpp(500,82): warning C4244: 'argument': conversion from 'int' to 'T', possible loss of data
C:\Code\C++\RoguelikeLayout\RoguelikeLayout\Enemies.cpp(500,82): warning C4244:         with
C:\Code\C++\RoguelikeLayout\RoguelikeLayout\Enemies.cpp(500,82): warning C4244:         [
C:\Code\C++\RoguelikeLayout\RoguelikeLayout\Enemies.cpp(500,82): warning C4244:             T=float
C:\Code\C++\RoguelikeLayout\RoguelikeLayout\Enemies.cpp(500,82): warning C4244:         ]
  EnemyManager.cpp
  EventMaps.cpp
C:\Code\C++\RoguelikeLayout\RoguelikeLayout\EventMaps.cpp(141,60): warning C4267: 'argument': conversion from 'size_t' to '_Ty', possible loss of data
C:\Code\C++\RoguelikeLayout\RoguelikeLayout\EventMaps.cpp(141,60): warning C4267:         with
C:\Code\C++\RoguelikeLayout\RoguelikeLayout\EventMaps.cpp(141,60): warning C4267:         [
C:\Code\C++\RoguelikeLayout\RoguelikeLayout\EventMaps.cpp(141,60): warning C4267:             _Ty=int
C:\Code\C++\RoguelikeLayout\RoguelikeLayout\EventMaps.cpp(141,60): warning C4267:         ]
C:\Code\C++\RoguelikeLayout\RoguelikeLayout\EventMaps.cpp(225,65): warning C4267: 'argument': conversion from 'size_t' to '_Ty', possible loss of data
C:\Code\C++\RoguelikeLayout\RoguelikeLayout\EventMaps.cpp(225,65): warning C4267:         with
C:\Code\C++\RoguelikeLayout\RoguelikeLayout\EventMaps.cpp(225,65): warning C4267:         [
C:\Code\C++\RoguelikeLayout\RoguelikeLayout\EventMaps.cpp(225,65): warning C4267:             _Ty=int
C:\Code\C++\RoguelikeLayout\RoguelikeLayout\EventMaps.cpp(225,65): warning C4267:         ]
C:\Code\C++\RoguelikeLayout\RoguelikeLayout\EventMaps.cpp(300,66): warning C4244: 'argument': conversion from 'int' to 'float', possible loss of data
C:\Code\C++\RoguelikeLayout\RoguelikeLayout\EventMaps.cpp(300,47): warning C4244: 'argument': conversion from 'int' to 'float', possible loss of data
  Game.cpp
C:\Code\C++\RoguelikeLayout\RoguelikeLayout\Game.cpp(82,28): warning C4244: 'argument': conversion from 'float' to 'unsigned int', possible loss of data
C:\Code\C++\RoguelikeLayout\RoguelikeLayout\Game.cpp(90,34): warning C4244: 'argument': conversion from 'float' to 'unsigned int', possible loss of data
C:\Code\C++\RoguelikeLayout\RoguelikeLayout\Game.cpp(98,31): warning C4244: 'argument': conversion from 'float' to 'unsigned int', possible loss of data
C:\Code\C++\RoguelikeLayout\RoguelikeLayout\Game.cpp(149,28): warning C4244: 'argument': conversion from 'float' to 'unsigned int', possible loss of data
C:\Code\C++\RoguelikeLayout\RoguelikeLayout\Game.cpp(175,31): warning C4244: 'argument': conversion from 'float' to 'unsigned int', possible loss of data
C:\Code\C++\RoguelikeLayout\RoguelikeLayout\Game.cpp(187,32): warning C4244: 'argument': conversion from 'float' to 'unsigned int', possible loss of data
C:\Code\C++\RoguelikeLayout\RoguelikeLayout\Game.cpp(194,42): warning C4244: 'argument': conversion from 'float' to 'unsigned int', possible loss of data
C:\Code\C++\RoguelikeLayout\RoguelikeLayout\Game.cpp(196,84): warning C4244: 'argument': conversion from 'float' to 'unsigned int', possible loss of data
C:\Code\C++\RoguelikeLayout\RoguelikeLayout\Game.cpp(201,42): warning C4244: 'argument': conversion from 'float' to 'unsigned int', possible loss of data
C:\Code\C++\RoguelikeLayout\RoguelikeLayout\Game.cpp(203,93): warning C4244: 'argument': conversion from 'float' to 'unsigned int', possible loss of data
C:\Code\C++\RoguelikeLayout\RoguelikeLayout\Game.cpp(210,36): warning C4244: 'argument': conversion from 'float' to 'unsigned int', possible loss of data
C:\Code\C++\RoguelikeLayout\RoguelikeLayout\Game.cpp(218,32): warning C4244: 'argument': conversion from 'float' to 'unsigned int', possible loss of data
C:\Code\C++\RoguelikeLayout\RoguelikeLayout\Game.cpp(745,76): warning C4244: 'argument': conversion from 'int' to 'float', possible loss of data
C:\Code\C++\RoguelikeLayout\RoguelikeLayout\Game.cpp(745,48): warning C4244: 'argument': conversion from 'int' to 'float', possible loss of data
C:\Code\C++\RoguelikeLayout\RoguelikeLayout\Game.cpp(786,34): warning C4244: 'argument': conversion from 'float' to 'unsigned int', possible loss of data
C:\Code\C++\RoguelikeLayout\RoguelikeLayout\Game.cpp(788,55): warning C4244: 'argument': conversion from 'float' to 'unsigned int', possible loss of data
  Knockback.cpp
  Mage.cpp
C:\Code\C++\RoguelikeLayout\RoguelikeLayout\Mage.cpp(23,24): warning C4244: 'initializing': conversion from 'double' to 'float', possible loss of data
C:\Code\C++\RoguelikeLayout\RoguelikeLayout\Mage.cpp(48,24): warning C4244: 'argument': conversion from 'float' to 'int', possible loss of data
  Map.cpp
C:\Code\C++\RoguelikeLayout\RoguelikeLayout\Map.cpp(145,37): warning C4244: 'argument': conversion from 'int' to 'float', possible loss of data
C:\Code\C++\RoguelikeLayout\RoguelikeLayout\Map.cpp(145,23): warning C4244: 'argument': conversion from 'int' to 'float', possible loss of data
C:\Code\C++\RoguelikeLayout\RoguelikeLayout\Map.cpp(174,37): warning C4244: 'argument': conversion from 'int' to 'float', possible loss of data
C:\Code\C++\RoguelikeLayout\RoguelikeLayout\Map.cpp(174,23): warning C4244: 'argument': conversion from 'int' to 'float', possible loss of data
C:\Code\C++\RoguelikeLayout\RoguelikeLayout\Map.cpp(478,111): warning C4244: 'argument': conversion from 'double' to 'int', possible loss of data
C:\Code\C++\RoguelikeLayout\RoguelikeLayout\Map.cpp(517,104): warning C4244: 'initializing': conversion from 'double' to 'int', possible loss of data
C:\Code\C++\RoguelikeLayout\RoguelikeLayout\Map.cpp(517,22): warning C4244: 'initializing': conversion from 'double' to 'const int', possible loss of data
C:\Code\C++\RoguelikeLayout\RoguelikeLayout\Map.cpp(526,20): warning C4244: 'initializing': conversion from 'double' to 'float', possible loss of data
C:\Code\C++\RoguelikeLayout\RoguelikeLayout\Map.cpp(550,38): warning C4244: 'argument': conversion from 'int' to 'float', possible loss of data
C:\Code\C++\RoguelikeLayout\RoguelikeLayout\Map.cpp(550,24): warning C4244: 'argument': conversion from 'int' to 'float', possible loss of data
C:\Code\C++\RoguelikeLayout\RoguelikeLayout\Map.cpp(559,47): warning C4244: 'argument': conversion from 'int' to 'float', possible loss of data
C:\Code\C++\RoguelikeLayout\RoguelikeLayout\Map.cpp(559,27): warning C4244: 'argument': conversion from 'int' to 'float', possible loss of data
C:\Code\C++\RoguelikeLayout\RoguelikeLayout\Map.cpp(567,88): warning C4244: 'argument': conversion from 'int' to 'float', possible loss of data
C:\Code\C++\RoguelikeLayout\RoguelikeLayout\Map.cpp(567,48): warning C4244: 'argument': conversion from 'int' to 'float', possible loss of data
C:\Code\C++\RoguelikeLayout\RoguelikeLayout\Map.cpp(577,90): warning C4244: 'argument': conversion from 'int' to 'float', possible loss of data
C:\Code\C++\RoguelikeLayout\RoguelikeLayout\Map.cpp(577,49): warning C4244: 'argument': conversion from 'int' to 'float', possible loss of data
C:\Code\C++\RoguelikeLayout\RoguelikeLayout\Map.cpp(587,92): warning C4244: 'argument': conversion from 'int' to 'float', possible loss of data
C:\Code\C++\RoguelikeLayout\RoguelikeLayout\Map.cpp(587,50): warning C4244: 'argument': conversion from 'int' to 'float', possible loss of data
C:\Code\C++\RoguelikeLayout\RoguelikeLayout\Map.cpp(650,19): warning C4244: 'initializing': conversion from 'double' to 'float', possible loss of data
  Player.cpp
C:\Code\C++\RoguelikeLayout\RoguelikeLayout\Player.cpp(181,15): warning C4244: 'argument': conversion from 'float' to 'int', possible loss of data
C:\Code\C++\RoguelikeLayout\RoguelikeLayout\Player.cpp(499,19): warning C4554: '&': check operator precedence for possible error; use parentheses to clarify precedence
C:\Code\C++\RoguelikeLayout\RoguelikeLayout\Player.cpp(508,35): warning C4244: 'argument': conversion from 'int' to 'float', possible loss of data
C:\Code\C++\RoguelikeLayout\RoguelikeLayout\Player.cpp(508,21): warning C4244: 'argument': conversion from 'int' to 'float', possible loss of data
  StatManager.cpp
  Stats.cpp
  Upgrade.cpp
  UpgradeManager.cpp
C:\Code\C++\RoguelikeLayout\RoguelikeLayout\UpgradeManager.cpp(251,69): warning C4267: 'argument': conversion from 'size_t' to '_Ty', possible loss of data
C:\Code\C++\RoguelikeLayout\RoguelikeLayout\UpgradeManager.cpp(251,69): warning C4267:         with
C:\Code\C++\RoguelikeLayout\RoguelikeLayout\UpgradeManager.cpp(251,69): warning C4267:         [
C:\Code\C++\RoguelikeLayout\RoguelikeLayout\UpgradeManager.cpp(251,69): warning C4267:             _Ty=int
C:\Code\C++\RoguelikeLayout\RoguelikeLayout\UpgradeManager.cpp(251,69): warning C4267:         ]
  Warrior.cpp
  main.cpp
  Generating Code...
C:\Code\C++\RoguelikeLayout\RoguelikeLayout\Upgrade.cpp(43,1): warning C4715: 'Upgrade::getColor': not all control paths return a value
C:\Code\C++\RoguelikeLayout\RoguelikeLayout\Upgrade.cpp(165,1): warning C4715: 'Upgrade::getCost': not all control paths return a value
  RoguelikeLayout.vcxproj -> C:\Code\C++\RoguelikeLayout\x64\Debug\RoguelikeLayout.exe
